<?xml version="1.0" encoding="UTF-8"?>
<!-- Generated by org.testng.reporters.JUnitReportReporter -->
<testsuite hostname="DESKTOP-663MMVN" failures="0" tests="5" name="test.TestCase3" time="108.161" errors="0" timestamp="2024-12-26T19:37:17 IST" skipped="2">
  <testcase classname="test.TestCase3" name="method" time="24.683">
    <skipped/>
  </testcase> <!-- method -->
  <testcase classname="test.TestCase3" name="method" time="19.576"/>
  <testcase classname="test.TestCase3" name="method" time="32.488">
    <skipped/>
  </testcase> <!-- method -->
  <testcase classname="test.TestCase3" name="method" time="11.054"/>
  <testcase classname="test.TestCase3" name="method" time="20.360"/>
</testsuite> <!-- test.TestCase3 -->
