<?xml version="1.0" encoding="UTF-8"?>
<!-- Generated by org.testng.reporters.JUnitReportReporter -->
<testsuite hostname="DESKTOP-663MMVN" failures="0" tests="3" name="test.TestCase2" time="73.647" errors="0" timestamp="2024-12-26T01:59:46 IST" skipped="0">
  <testcase classname="test.TestCase2" name="test2" time="36.212"/>
  <testcase classname="test.TestCase2" name="test2" time="19.012"/>
  <testcase classname="test.TestCase2" name="test2" time="18.423"/>
</testsuite> <!-- test.TestCase2 -->
