<?xml version="1.0" encoding="UTF-8"?>
<!-- Generated by org.testng.reporters.JUnitReportReporter -->
<testsuite hostname="DESKTOP-663MMVN" failures="0" tests="5" name="test.TestCase1" time="106.200" errors="0" timestamp="2024-12-26T21:15:03 IST" skipped="2">
  <testcase classname="test.TestCase1" name="method1" time="26.979">
    <skipped/>
  </testcase> <!-- method1 -->
  <testcase classname="test.TestCase1" name="method1" time="13.129"/>
  <testcase classname="test.TestCase1" name="method1" time="22.165"/>
  <testcase classname="test.TestCase1" name="method1" time="32.377">
    <skipped/>
  </testcase> <!-- method1 -->
  <testcase classname="test.TestCase1" name="method1" time="11.550"/>
</testsuite> <!-- test.TestCase1 -->
